Arguments: 
  /usr/local/bin/node /usr/local/bin/yarn

PATH: 
  /usr/local/sbin:/usr/local/bin:/usr/sbin:/usr/bin:/sbin:/bin

Yarn version: 
  0.18.1

Node version: 
  6.9.3

Platform: 
  linux x64

npm manifest: 
  {
    "name": "vue",
    "description": "A Vue.js project",
    "author": "Monyk <monyashadow@gmail.com>",
    "private": true,
    "scripts": {
      "dev": "cross-env NODE_ENV=development webpack-dev-server --open --inline --hot",
      "build": "cross-env NODE_ENV=production webpack --progress --hide-modules"
    },
    "dependencies": {
      "chart.js": "^2.4.0",
      "dateformat": "^2.0.0",
      "jquery": "^3.1.1",
      "js-cookie": "^2.1.3",
      "jwt-decode": "^2.1.0",
      "mysql": "^2.12.0",
      "summernote": "^0.8.2",
      "vue": "^2.1.0",
      "vue-html-editor": "^0.2.1",
      "vue-html5-editor": "^0.5.1"
    },
    "devDependencies": {
      "babel-core": "^6.0.0",
      "babel-loader": "^6.0.0",
      "babel-preset-es2015": "^6.0.0",
      "cross-env": "^3.0.0",
      "css-loader": "^0.25.0",
      "file-loader": "^0.9.0",
      "pug": "^2.0.0-beta6",
      "pug-loader": "^2.3.0",
      "vue-loader": "^10.0.0",
      "vue-template-compiler": "^2.1.0",
      "webpack": "^2.1.0-beta.25",
      "webpack-dev-server": "^2.1.0-beta.0"
    }
  }

yarn manifest: 
  No manifest

Lockfile: 
  No lockfile

Trace: 
  Error: EINVAL: invalid argument, symlink '../../../browserslist/cli.js' -> '/app/vue/node_modules/autoprefixer/node_modules/.bin/browserslist'
      at Error (native)
